* ----------------------------------------------------------------
* Running PROLOG for run_delphes_SLURM.sh on Mon Apr 21 16:30:17 WEST 2025
*    JOB_NAME                : run_delphes_SLURM.sh
*    JOB_ID                  : 21409346
*    JOB_PARTITION           : lipq
*    JOB_USER                : martafsilva
*    JOB_ACCOUNT             : t3atlas
*    JOB_QOS                 : calo
*    NODE_LIST               : wn236
*    SLURM_NNODES            : 1
*    SLURM_NPROCS            : 4
*    SLURM_NTASKS            : 4
*    SLURM_CPUS_ON_NODE      : 7
*    SLURM_TASKS_PER_NODE    : 4
*    SLURM_JOB_CPUS_PER_NODE : 7
*    SLURM_MEM_PER_NODE      : 16384
*    SUBMIT_HOST             : atlas02.a.incd.pt
*    WORK_DIR                : /lstore/titan/martafsilva/master_thesis/bachelor_projects/ggF_VBF_sbi/ggF
*    JOB_SCRIPT              : /lstore/titan/martafsilva/master_thesis/bachelor_projects/ggF_VBF_sbi/ggF/run_delphes_SLURM.sh
* ----------------------------------------------------------------
* Stagein transfers:
*     failure 3_run_delphes_analysis.py
* ----------------------------------------------------------------

* ----------------------------------------------------------------
* Running EPILOG for run_delphes_SLURM.sh on Mon Apr 21 20:08:50 WEST 2025
* ----------------------------------------------------------------
